<?xml version="1.0" encoding="UTF-8"?>
<!-- Generated by org.testng.reporters.JUnitReportReporter -->
<testsuite skipped="0" hostname="daywrkw7313" name="com.tcs.claritasautomation.LoginToClaritas" tests="1" failures="0" timestamp="14 Nov 2017 07:11:59 GMT" time="132.442" errors="0">
  <testcase name="claritasLogin" time="132.442" classname="com.tcs.claritasautomation.LoginToClaritas"/>
</testsuite> <!-- com.tcs.claritasautomation.LoginToClaritas -->
